com.hrm.scripts.LoginLogoutTest 2017-03-26 14:57:49,667 com.hrm.base.BaseTest.initFrameWork(BaseTest.java:55) Initializing ExtentReport 
com.hrm.scripts.LoginLogoutTest 2017-03-26 14:57:49,932 com.hrm.base.BaseTest.initFrameWork(BaseTest.java:60) Initialize Global Variables 
com.hrm.scripts.LoginLogoutTest 2017-03-26 14:57:49,948 com.hrm.base.BaseTest.initApplication(BaseTest.java:85) Opening Browser:chrome 
com.hrm.scripts.LoginLogoutTest 2017-03-26 14:57:54,572 com.hrm.base.BaseTest.preCondition(BaseTest.java:106) Auto login 
com.hrm.scripts.LoginLogoutTest 2017-03-26 14:57:55,581 com.hrm.base.BaseTest.preCondition(BaseTest.java:110) Started executing test:testAutoLoginLogout1 
com.hrm.scripts.LoginLogoutTest 2017-03-26 14:57:55,585 com.hrm.scripts.LoginLogoutTest.testAutoLoginLogout1(LoginLogoutTest.java:10) This script will automatically login and logout1 
com.hrm.scripts.LoginLogoutTest 2017-03-26 14:57:55,586 com.hrm.base.BaseTest.postCondition(BaseTest.java:125) Test is PASSED 
com.hrm.scripts.LoginLogoutTest 2017-03-26 14:57:55,586 com.hrm.base.BaseTest.postCondition(BaseTest.java:128) Auto logout 
com.hrm.scripts.LoginLogoutTest 2017-03-26 14:59:48,567 com.hrm.base.BaseTest.initFrameWork(BaseTest.java:55) Initializing ExtentReport 
com.hrm.scripts.LoginLogoutTest 2017-03-26 14:59:48,832 com.hrm.base.BaseTest.initFrameWork(BaseTest.java:60) Initialize Global Variables 
com.hrm.scripts.LoginLogoutTest 2017-03-26 14:59:48,848 com.hrm.base.BaseTest.initApplication(BaseTest.java:85) Opening Browser:chrome 
com.hrm.scripts.LoginLogoutTest 2017-03-26 14:59:53,151 com.hrm.base.BaseTest.preCondition(BaseTest.java:106) Auto login 
com.hrm.scripts.LoginLogoutTest 2017-03-26 14:59:54,244 com.hrm.base.BaseTest.preCondition(BaseTest.java:110) Started executing test:testAutoLoginLogout1 
com.hrm.scripts.LoginLogoutTest 2017-03-26 14:59:54,250 com.hrm.scripts.LoginLogoutTest.testAutoLoginLogout1(LoginLogoutTest.java:10) This script will automatically login and logout1 
com.hrm.scripts.LoginLogoutTest 2017-03-26 14:59:54,255 com.hrm.base.BaseTest.postCondition(BaseTest.java:125) Test is PASSED 
com.hrm.scripts.LoginLogoutTest 2017-03-26 14:59:54,255 com.hrm.base.BaseTest.postCondition(BaseTest.java:128) Auto logout 
com.hrm.scripts.LoginLogoutTest 2017-03-26 14:59:54,268 com.hrm.base.BaseTest.closeApplication(BaseTest.java:98) Closing Browser 
com.hrm.scripts.LoginLogoutTest 2017-03-26 14:59:55,143 com.hrm.base.BaseTest.publishReport(BaseTest.java:72) Publishing ExtentReport:./report/26_03_2017_02_59_48.html 
com.hrm.scripts.LoginLogoutTest 2017-03-26 15:05:13,715 com.hrm.base.BaseTest.initFrameWork(BaseTest.java:55) Initializing ExtentReport 
com.hrm.scripts.LoginLogoutTest 2017-03-26 15:05:13,964 com.hrm.base.BaseTest.initFrameWork(BaseTest.java:60) Initialize Global Variables 
com.hrm.scripts.LoginLogoutTest 2017-03-26 15:05:13,964 com.hrm.base.BaseTest.initApplication(BaseTest.java:85) Opening Browser:chrome 
com.hrm.scripts.LoginLogoutTest 2017-03-26 15:05:18,261 com.hrm.base.BaseTest.preCondition(BaseTest.java:106) Auto login 
com.hrm.scripts.LoginLogoutTest 2017-03-26 15:05:19,255 com.hrm.base.BaseTest.preCondition(BaseTest.java:110) Started executing test:testAutoLoginLogout1 
com.hrm.scripts.LoginLogoutTest 2017-03-26 15:05:19,258 com.hrm.scripts.LoginLogoutTest.testAutoLoginLogout1(LoginLogoutTest.java:10) This script will automatically login and logout1 
com.hrm.scripts.LoginLogoutTest 2017-03-26 15:05:19,263 com.hrm.base.BaseTest.postCondition(BaseTest.java:125) Test is PASSED 
com.hrm.scripts.LoginLogoutTest 2017-03-26 15:05:19,263 com.hrm.base.BaseTest.postCondition(BaseTest.java:128) Auto logout 
com.hrm.scripts.LoginLogoutTest 2017-03-26 15:05:19,270 com.hrm.base.BaseTest.closeApplication(BaseTest.java:98) Closing Browser 
com.hrm.scripts.LoginLogoutTest 2017-03-26 15:05:20,134 com.hrm.base.BaseTest.publishReport(BaseTest.java:72) Publishing ExtentReport:./report/26_03_2017_03_05_13.html 
com.hrm.scripts.LoginLogoutTest 2017-03-26 15:05:40,851 com.hrm.base.BaseTest.initFrameWork(BaseTest.java:55) Initializing ExtentReport 
com.hrm.scripts.LoginLogoutTest 2017-03-26 15:05:41,023 com.hrm.base.BaseTest.initFrameWork(BaseTest.java:60) Initialize Global Variables 
com.hrm.scripts.LoginLogoutTest 2017-03-26 15:05:41,054 com.hrm.base.BaseTest.initApplication(BaseTest.java:85) Opening Browser:chrome 
com.hrm.scripts.LoginLogoutTest 2017-03-26 15:05:45,284 com.hrm.base.BaseTest.preCondition(BaseTest.java:106) Auto login 
com.hrm.scripts.LoginLogoutTest 2017-03-26 15:05:45,504 com.hrm.base.BaseTest.preCondition(BaseTest.java:110) Started executing test:testAutoLoginLogout1 
com.hrm.scripts.LoginLogoutTest 2017-03-26 15:05:45,504 com.hrm.scripts.LoginLogoutTest.testAutoLoginLogout1(LoginLogoutTest.java:10) This script will automatically login and logout1 
com.hrm.scripts.LoginLogoutTest 2017-03-26 15:05:45,521 com.hrm.base.BaseTest.postCondition(BaseTest.java:125) Test is PASSED 
com.hrm.scripts.LoginLogoutTest 2017-03-26 15:05:45,522 com.hrm.base.BaseTest.postCondition(BaseTest.java:128) Auto logout 
com.hrm.scripts.LoginLogoutTest 2017-03-26 15:05:46,605 com.hrm.base.BaseTest.closeApplication(BaseTest.java:98) Closing Browser 
com.hrm.scripts.LoginLogoutTest 2017-03-26 15:05:47,327 com.hrm.base.BaseTest.publishReport(BaseTest.java:72) Publishing ExtentReport:./report/26_03_2017_03_05_40.html 
